<?xml version="1.0" encoding="UTF-8"?>
<testsuite xmlns:xsi="http://www.w3.org/2001/XMLSchema-instance" xsi:noNamespaceSchemaLocation="https://maven.apache.org/surefire/maven-surefire-plugin/xsd/surefire-test-report-3.0.xsd" version="3.0" name="com.ubs.orkestra.OrkestraV2ApiApplicationTests" time="8.725" tests="1" errors="0" skipped="0" failures="0">
  <properties>
[...]
</properties>
  <testcase name="contextLoads" classname="com.ubs.orkestra.OrkestraV2ApiApplicationTests" time="0.392">
    <system-out><![CDATA[22:22:01.595 [main] INFO org.springframework.test.context.support.AnnotationConfigContextLoaderUtils -- Could not detect default configuration classes for test class [com.ubs.orkestra.OrkestraV2ApiApplicationTests]: OrkestraV2ApiApplicationTests does not declare any static, non-private, non-final, nested classes annotated with @Configuration.
22:22:01.673 [main] INFO org.springframework.boot.test.context.SpringBootTestContextBootstrapper -- Found @SpringBootConfiguration com.ubs.orkestra.OrkestraV2ApiApplication for test class com.ubs.orkestra.OrkestraV2ApiApplicationTests

  .   ____          _            __ _ _
 /\\ / ___'_ __ _ _(_)_ __  __ _ \ \ \ \
( ( )\___ | '_ | '_| | '_ \/ _` | \ \ \ \
 \\/  ___)| |_)| | | | | || (_| |  ) ) ) )
  '  |____| .__|_| |_|_| |_\__, | / / / /
 =========|_|==============|___/=/_/_/_/
 :: Spring Boot ::                (v3.2.0)

2026-03-27 22:22:02.148 [main] INFO  c.u.o.OrkestraV2ApiApplicationTests - Starting OrkestraV2ApiApplicationTests using Java 21.0.10 with PID 45392 (started by Mishr in D:\dev\flow-forge-v1-groups-fixes)
2026-03-27 22:22:02.149 [main] INFO  c.u.o.OrkestraV2ApiApplicationTests - The following 1 profile is active: "test"
2026-03-27 22:22:02.178 [main] DEBUG o.s.w.c.s.GenericWebApplicationContext - Refreshing org.springframework.web.context.support.GenericWebApplicationContext@3b08f438
2026-03-27 22:22:04.626 [main] WARN  org.hibernate.orm.deprecation - HHH90000025: H2Dialect does not need to be specified explicitly using 'hibernate.dialect' (remove the property setting and it will be selected by default)
2026-03-27 22:22:05.360 [main] DEBUG org.hibernate.SQL - 
    drop table if exists applications cascade 
Hibernate: 
    drop table if exists applications cascade 
2026-03-27 22:22:05.364 [main] DEBUG org.hibernate.SQL - 
    drop table if exists artifacts cascade 
Hibernate: 
    drop table if exists artifacts cascade 
2026-03-27 22:22:05.364 [main] DEBUG org.hibernate.SQL - 
    drop table if exists flow_executions cascade 
Hibernate: 
    drop table if exists flow_executions cascade 
2026-03-27 22:22:05.364 [main] DEBUG org.hibernate.SQL - 
    drop table if exists flow_groups cascade 
Hibernate: 
    drop table if exists flow_groups cascade 
2026-03-27 22:22:05.365 [main] DEBUG org.hibernate.SQL - 
    drop table if exists flow_steps cascade 
Hibernate: 
    drop table if exists flow_steps cascade 
2026-03-27 22:22:05.365 [main] DEBUG org.hibernate.SQL - 
    drop table if exists flows cascade 
Hibernate: 
    drop table if exists flows cascade 
2026-03-27 22:22:05.365 [main] DEBUG org.hibernate.SQL - 
    drop table if exists pipeline_executions cascade 
Hibernate: 
    drop table if exists pipeline_executions cascade 
2026-03-27 22:22:05.365 [main] DEBUG org.hibernate.SQL - 
    drop table if exists queued_flow_executions cascade 
Hibernate: 
    drop table if exists queued_flow_executions cascade 
2026-03-27 22:22:05.365 [main] DEBUG org.hibernate.SQL - 
    drop table if exists test_data cascade 
Hibernate: 
    drop table if exists test_data cascade 
2026-03-27 22:22:05.365 [main] DEBUG org.hibernate.SQL - 
    drop sequence if exists applications_seq
Hibernate: 
    drop sequence if exists applications_seq
2026-03-27 22:22:05.365 [main] DEBUG org.hibernate.SQL - 
    drop sequence if exists artifacts_id_seq
Hibernate: 
    drop sequence if exists artifacts_id_seq
2026-03-27 22:22:05.365 [main] DEBUG org.hibernate.SQL - 
    drop sequence if exists flow_groups_id_seq
Hibernate: 
    drop sequence if exists flow_groups_id_seq
2026-03-27 22:22:05.366 [main] DEBUG org.hibernate.SQL - 
    drop sequence if exists flow_steps_seq
Hibernate: 
    drop sequence if exists flow_steps_seq
2026-03-27 22:22:05.366 [main] DEBUG org.hibernate.SQL - 
    drop sequence if exists flows_seq
Hibernate: 
    drop sequence if exists flows_seq
2026-03-27 22:22:05.366 [main] DEBUG org.hibernate.SQL - 
    drop sequence if exists pipeline_executions_seq
Hibernate: 
    drop sequence if exists pipeline_executions_seq
2026-03-27 22:22:05.366 [main] DEBUG org.hibernate.SQL - 
    drop sequence if exists queued_flow_executions_seq
Hibernate: 
    drop sequence if exists queued_flow_executions_seq
2026-03-27 22:22:05.366 [main] DEBUG org.hibernate.SQL - 
    drop sequence if exists test_data_seq
Hibernate: 
    drop sequence if exists test_data_seq
2026-03-27 22:22:05.370 [main] DEBUG org.hibernate.SQL - 
    create sequence applications_seq start with 1 increment by 1
Hibernate: 
    create sequence applications_seq start with 1 increment by 1
2026-03-27 22:22:05.372 [main] DEBUG org.hibernate.SQL - 
    create sequence artifacts_id_seq start with 1 increment by 1
Hibernate: 
    create sequence artifacts_id_seq start with 1 increment by 1
2026-03-27 22:22:05.372 [main] DEBUG org.hibernate.SQL - 
    create sequence flow_groups_id_seq start with 1 increment by 1
Hibernate: 
    create sequence flow_groups_id_seq start with 1 increment by 1
2026-03-27 22:22:05.372 [main] DEBUG org.hibernate.SQL - 
    create sequence flow_steps_seq start with 1 increment by 1
Hibernate: 
    create sequence flow_steps_seq start with 1 increment by 1
2026-03-27 22:22:05.372 [main] DEBUG org.hibernate.SQL - 
    create sequence flows_seq start with 1 increment by 1
Hibernate: 
    create sequence flows_seq start with 1 increment by 1
2026-03-27 22:22:05.372 [main] DEBUG org.hibernate.SQL - 
    create sequence pipeline_executions_seq start with 1 increment by 1
Hibernate: 
    create sequence pipeline_executions_seq start with 1 increment by 1
2026-03-27 22:22:05.373 [main] DEBUG org.hibernate.SQL - 
    create sequence queued_flow_executions_seq start with 1 increment by 1
Hibernate: 
    create sequence queued_flow_executions_seq start with 1 increment by 1
2026-03-27 22:22:05.373 [main] DEBUG org.hibernate.SQL - 
    create sequence test_data_seq start with 1 increment by 1
Hibernate: 
    create sequence test_data_seq start with 1 increment by 1
2026-03-27 22:22:05.377 [main] DEBUG org.hibernate.SQL - 
    create table applications (
        created_at timestamp(6) not null,
        id bigint not null,
        token_validation_last_update_date timestamp(6),
        updated_at timestamp(6) not null,
        application_description varchar(255) not null,
        application_name varchar(255) not null,
        gitlab_project_id varchar(255) not null,
        personal_access_token varchar(255) not null,
        project_name varchar(255),
        project_url varchar(255),
        token_status varchar(255) not null check (token_status in ('ACTIVE','EXPIRED','INVALID')),
        primary key (id)
    )
Hibernate: 
    create table applications (
        created_at timestamp(6) not null,
        id bigint not null,
        token_validation_last_update_date timestamp(6),
        updated_at timestamp(6) not null,
        application_description varchar(255) not null,
        application_name varchar(255) not null,
        gitlab_project_id varchar(255) not null,
        personal_access_token varchar(255) not null,
        project_name varchar(255),
        project_url varchar(255),
        token_status varchar(255) not null check (token_status in ('ACTIVE','EXPIRED','INVALID')),
        primary key (id)
    )
2026-03-27 22:22:05.384 [main] DEBUG org.hibernate.SQL - 
    create table artifacts (
        created_at timestamp(6) not null,
        id bigint not null,
        updated_at timestamp(6) not null,
        artifact_name varchar(255) not null,
        run_ids json not null,
        primary key (id)
    )
Hibernate: 
    create table artifacts (
        created_at timestamp(6) not null,
        id bigint not null,
        updated_at timestamp(6) not null,
        artifact_name varchar(255) not null,
        run_ids json not null,
        primary key (id)
    )
2026-03-27 22:22:05.385 [main] DEBUG org.hibernate.SQL - 
    create table flow_executions (
        is_replay boolean,
        iteration integer,
        replay_count integer,
        revolutions integer,
        created_at timestamp(6) not null,
        end_time timestamp(6),
        flow_group_id bigint,
        flow_id bigint not null,
        start_time timestamp(6),
        id uuid not null,
        original_flow_execution_id uuid,
        category varchar(255),
        status varchar(255) check (status in ('PENDING','RUNNING','PASSED','FAILED','CANCELLED','SCHEDULED','IN_PROGRESS')),
        runtime_variables json,
        primary key (id)
    )
Hibernate: 
    create table flow_executions (
        is_replay boolean,
        iteration integer,
        replay_count integer,
        revolutions integer,
        created_at timestamp(6) not null,
        end_time timestamp(6),
        flow_group_id bigint,
        flow_id bigint not null,
        start_time timestamp(6),
        id uuid not null,
        original_flow_execution_id uuid,
        category varchar(255),
        status varchar(255) check (status in ('PENDING','RUNNING','PASSED','FAILED','CANCELLED','SCHEDULED','IN_PROGRESS')),
        runtime_variables json,
        primary key (id)
    )
2026-03-27 22:22:05.386 [main] DEBUG org.hibernate.SQL - 
    create table flow_groups (
        current_iteration integer not null,
        revolutions integer not null,
        created_at timestamp(6) not null,
        id bigint not null,
        updated_at timestamp(6) not null,
        flow_group_name varchar(255) not null,
        flows json not null,
        primary key (id)
    )
Hibernate: 
    create table flow_groups (
        current_iteration integer not null,
        revolutions integer not null,
        created_at timestamp(6) not null,
        id bigint not null,
        updated_at timestamp(6) not null,
        flow_group_name varchar(255) not null,
        flows json not null,
        primary key (id)
    )
2026-03-27 22:22:05.386 [main] DEBUG org.hibernate.SQL - 
    create table flow_steps (
        application_id bigint not null,
        created_at timestamp(6) not null,
        id bigint not null,
        updated_at timestamp(6) not null,
        branch varchar(255) not null,
        description varchar(255),
        scheduler_type varchar(255),
        test_stage varchar(255) not null,
        test_tag varchar(255) not null,
        timer_days varchar(255),
        timer_hours varchar(255),
        timer_minutes varchar(255),
        squash_step_ids json,
        test_data_ids json,
        primary key (id)
    )
Hibernate: 
    create table flow_steps (
        application_id bigint not null,
        created_at timestamp(6) not null,
        id bigint not null,
        updated_at timestamp(6) not null,
        branch varchar(255) not null,
        description varchar(255),
        scheduler_type varchar(255),
        test_stage varchar(255) not null,
        test_tag varchar(255) not null,
        timer_days varchar(255),
        timer_hours varchar(255),
        timer_minutes varchar(255),
        squash_step_ids json,
        test_data_ids json,
        primary key (id)
    )
2026-03-27 22:22:05.387 [main] DEBUG org.hibernate.SQL - 
    create table flows (
        created_at timestamp(6) not null,
        id bigint not null,
        squash_test_case_id bigint not null,
        updated_at timestamp(6) not null,
        automation_status varchar(20) check (automation_status in ('AUTOMATED','PARTIAL','NOT_AUTOMATED')),
        squash_test_case varchar(255) not null,
        flow_step_ids json not null,
        primary key (id)
    )
Hibernate: 
    create table flows (
        created_at timestamp(6) not null,
        id bigint not null,
        squash_test_case_id bigint not null,
        updated_at timestamp(6) not null,
        automation_status varchar(20) check (automation_status in ('AUTOMATED','PARTIAL','NOT_AUTOMATED')),
        squash_test_case varchar(255) not null,
        flow_step_ids json not null,
        primary key (id)
    )
2026-03-27 22:22:05.388 [main] DEBUG org.hibernate.SQL - 
    create table pipeline_executions (
        is_replay boolean not null,
        created_at timestamp(6) not null,
        end_time timestamp(6),
        flow_id bigint not null,
        flow_step_id bigint not null,
        id bigint not null,
        job_id bigint,
        pipeline_id bigint,
        resume_time timestamp(6),
        start_time timestamp(6),
        flow_execution_id uuid not null,
        job_url varchar(255),
        pipeline_url varchar(255),
        status varchar(255) check (status in ('PENDING','RUNNING','PASSED','FAILED','CANCELLED','SCHEDULED','IN_PROGRESS')),
        configured_test_data json,
        runtime_test_data json,
        primary key (id)
    )
Hibernate: 
    create table pipeline_executions (
        is_replay boolean not null,
        created_at timestamp(6) not null,
        end_time timestamp(6),
        flow_id bigint not null,
        flow_step_id bigint not null,
        id bigint not null,
        job_id bigint,
        pipeline_id bigint,
        resume_time timestamp(6),
        start_time timestamp(6),
        flow_execution_id uuid not null,
        job_url varchar(255),
        pipeline_url varchar(255),
        status varchar(255) check (status in ('PENDING','RUNNING','PASSED','FAILED','CANCELLED','SCHEDULED','IN_PROGRESS')),
        configured_test_data json,
        runtime_test_data json,
        primary key (id)
    )
2026-03-27 22:22:05.389 [main] DEBUG org.hibernate.SQL - 
    create table queued_flow_executions (
        iteration integer,
        priority integer,
        retry_count integer,
        revolutions integer,
        created_at timestamp(6) not null,
        flow_group_id bigint,
        flow_id bigint not null,
        id bigint not null,
        flow_execution_id uuid not null,
        category varchar(255),
        primary key (id)
    )
Hibernate: 
    create table queued_flow_executions (
        iteration integer,
        priority integer,
        retry_count integer,
        revolutions integer,
        created_at timestamp(6) not null,
        flow_group_id bigint,
        flow_id bigint not null,
        id bigint not null,
        flow_execution_id uuid not null,
        category varchar(255),
        primary key (id)
    )
2026-03-27 22:22:05.390 [main] DEBUG org.hibernate.SQL - 
    create table test_data (
        application_id bigint,
        created_at timestamp(6) not null,
        data_id bigint not null,
        updated_at timestamp(6) not null,
        application_name varchar(255),
        category varchar(255) not null,
        description varchar(255),
        variables json not null,
        primary key (data_id)
    )
Hibernate: 
    create table test_data (
        application_id bigint,
        created_at timestamp(6) not null,
        data_id bigint not null,
        updated_at timestamp(6) not null,
        application_name varchar(255),
        category varchar(255) not null,
        description varchar(255),
        variables json not null,
        primary key (data_id)
    )
2026-03-27 22:22:05.391 [main] DEBUG org.hibernate.SQL - 
    create index idx_queued_created_at 
       on queued_flow_executions (created_at)
Hibernate: 
    create index idx_queued_created_at 
       on queued_flow_executions (created_at)
2026-03-27 22:22:05.392 [main] DEBUG org.hibernate.SQL - 
    alter table if exists flow_executions 
       add constraint FKr71stky8abwyfobvpeefjc7fv 
       foreign key (flow_group_id) 
       references flow_groups
Hibernate: 
    alter table if exists flow_executions 
       add constraint FKr71stky8abwyfobvpeefjc7fv 
       foreign key (flow_group_id) 
       references flow_groups
2026-03-27 22:22:05.397 [main] DEBUG org.hibernate.SQL - 
    alter table if exists flow_steps 
       add constraint FKp00aj00r8cvyydod3holpe5oh 
       foreign key (application_id) 
       references applications
Hibernate: 
    alter table if exists flow_steps 
       add constraint FKp00aj00r8cvyydod3holpe5oh 
       foreign key (application_id) 
       references applications
2026-03-27 22:22:05.399 [main] DEBUG org.hibernate.SQL - 
    alter table if exists test_data 
       add constraint FK3iretb06mhjh2gksyhkkj4cfx 
       foreign key (application_id) 
       references applications
Hibernate: 
    alter table if exists test_data 
       add constraint FK3iretb06mhjh2gksyhkkj4cfx 
       foreign key (application_id) 
       references applications
2026-03-27 22:22:07.960 [main] DEBUG o.s.w.s.s.s.WebSocketHandlerMapping - Patterns [/ws/flow-logs/{flowExecutionUUID}] in 'webSocketHandlerMapping'
2026-03-27 22:22:08.551 [main] WARN  o.s.b.a.o.j.JpaBaseConfiguration$JpaWebConfiguration - spring.jpa.open-in-view is enabled by default. Therefore, database queries may be performed during view rendering. Explicitly configure spring.jpa.open-in-view to disable this warning
2026-03-27 22:22:08.760 [main] DEBUG o.s.w.s.m.m.a.RequestMappingHandlerMapping - 64 mappings in 'requestMappingHandlerMapping'
2026-03-27 22:22:08.883 [main] DEBUG o.s.w.s.h.SimpleUrlHandlerMapping - Patterns [/webjars/**, /**, /swagger-ui*/*swagger-initializer.js, /swagger-ui*/**] in 'resourceHandlerMapping'
2026-03-27 22:22:08.943 [main] DEBUG o.s.w.s.m.m.a.RequestMappingHandlerAdapter - ControllerAdvice beans: 0 @ModelAttribute, 0 @InitBinder, 1 RequestBodyAdvice, 1 ResponseBodyAdvice
2026-03-27 22:22:08.988 [main] DEBUG o.s.w.s.m.m.a.ExceptionHandlerExceptionResolver - ControllerAdvice beans: 2 @ExceptionHandler, 1 ResponseBodyAdvice
2026-03-27 22:22:09.689 [main] DEBUG org.hibernate.SQL - 
    select
        count(*) 
    from
        queued_flow_executions qfe1_0
2026-03-27 22:22:09.689 [scheduling-1] DEBUG org.hibernate.SQL - 
    select
        pe1_0.id,
        pe1_0.configured_test_data,
        pe1_0.created_at,
        pe1_0.end_time,
        pe1_0.flow_execution_id,
        pe1_0.flow_id,
        pe1_0.flow_step_id,
        pe1_0.is_replay,
        pe1_0.job_id,
        pe1_0.job_url,
        pe1_0.pipeline_id,
        pe1_0.pipeline_url,
        pe1_0.resume_time,
        pe1_0.runtime_test_data,
        pe1_0.start_time,
        pe1_0.status 
    from
        pipeline_executions pe1_0 
    where
        pe1_0.status=? 
        and pe1_0.resume_time<?
Hibernate: 
    select
        count(*) 
    from
        queued_flow_executions qfe1_0
Hibernate: 
    select
        pe1_0.id,
        pe1_0.configured_test_data,
        pe1_0.created_at,
        pe1_0.end_time,
        pe1_0.flow_execution_id,
        pe1_0.flow_id,
        pe1_0.flow_step_id,
        pe1_0.is_replay,
        pe1_0.job_id,
        pe1_0.job_url,
        pe1_0.pipeline_id,
        pe1_0.pipeline_url,
        pe1_0.resume_time,
        pe1_0.runtime_test_data,
        pe1_0.start_time,
        pe1_0.status 
    from
        pipeline_executions pe1_0 
    where
        pe1_0.status=? 
        and pe1_0.resume_time<?
2026-03-27 22:22:09.706 [main] INFO  c.u.o.s.FlowExecutionQueueService - No queued flow executions found on startup.
2026-03-27 22:22:09.707 [main] INFO  c.u.o.OrkestraV2ApiApplicationTests - Started OrkestraV2ApiApplicationTests in 7.925 seconds (process running for 8.666)
2026-03-27 22:22:09.774 [main] INFO  c.u.o.s.PipelineStatusPollingService - === STARTUP RECOVERY: Checking for in-flight pipeline executions ===
2026-03-27 22:22:09.775 [main] DEBUG org.hibernate.SQL - 
    select
        pe1_0.id,
        pe1_0.configured_test_data,
        pe1_0.created_at,
        pe1_0.end_time,
        pe1_0.flow_execution_id,
        pe1_0.flow_id,
        pe1_0.flow_step_id,
        pe1_0.is_replay,
        pe1_0.job_id,
        pe1_0.job_url,
        pe1_0.pipeline_id,
        pe1_0.pipeline_url,
        pe1_0.resume_time,
        pe1_0.runtime_test_data,
        pe1_0.start_time,
        pe1_0.status 
    from
        pipeline_executions pe1_0 
    where
        pe1_0.status=?
Hibernate: 
    select
        pe1_0.id,
        pe1_0.configured_test_data,
        pe1_0.created_at,
        pe1_0.end_time,
        pe1_0.flow_execution_id,
        pe1_0.flow_id,
        pe1_0.flow_step_id,
        pe1_0.is_replay,
        pe1_0.job_id,
        pe1_0.job_url,
        pe1_0.pipeline_id,
        pe1_0.pipeline_url,
        pe1_0.resume_time,
        pe1_0.runtime_test_data,
        pe1_0.start_time,
        pe1_0.status 
    from
        pipeline_executions pe1_0 
    where
        pe1_0.status=?
2026-03-27 22:22:09.777 [main] INFO  c.u.o.s.PipelineStatusPollingService - No in-flight pipeline executions found. Service restart was clean.
]]></system-out>
    <system-err><![CDATA[WARNING: A Java agent has been loaded dynamically (C:\Users\Mishr\.m2\repository\net\bytebuddy\byte-buddy-agent\1.14.10\byte-buddy-agent-1.14.10.jar)
WARNING: If a serviceability tool is in use, please run with -XX:+EnableDynamicAgentLoading to hide this warning
WARNING: If a serviceability tool is not in use, please run with -Djdk.instrument.traceUsage for more information
WARNING: Dynamic loading of agents will be disallowed by default in a future release
]]></system-err>
  </testcase>
</testsuite>